gbeck@llnxgabecka:~/wom/task/automation/ansible/ee-ocp-build$ 
ansible-builder build -t ee-ocp:1.0.1 -v 3
Ansible Builder is building your execution environment image, "ee-ocp:1.0.1".
File context/_build/requirements.yml is already up-to-date.
File context/_build/requirements.txt is already up-to-date.
File context/_build/ansible.cfg is already up-to-date.
Rewriting Containerfile to capture collection requirements
Running command:
  podman build -f context/Containerfile -t ee-ocp:1.0.1 context
[1/3] STEP 1/8: FROM quay.io/ansible/ansible-runner:latest AS galaxy
[1/3] STEP 2/8: ARG ANSIBLE_GALAXY_CLI_COLLECTION_OPTS=
--> a746ac9622d
[1/3] STEP 3/8: USER root
--> eb7ef771076
[1/3] STEP 4/8: ADD _build/ansible.cfg ~/.ansible.cfg
--> ec4137dbf54
[1/3] STEP 5/8: ADD _build /build
--> 263ce5d78d8
[1/3] STEP 6/8: WORKDIR /build
--> 5111fe66e97
[1/3] STEP 7/8: RUN ansible-galaxy role install -r requirements.yml --roles-path /usr/share/ansible/roles
Skipping install, no requirements found
--> 4e3fd7d23ce
[1/3] STEP 8/8: RUN ansible-galaxy collection install $ANSIBLE_GALAXY_CLI_COLLECTION_OPTS -r requirements.yml --collections-path /usr/share/ansible/collections
Starting galaxy collection install process
Process install dependency map
Starting collection install process
Downloading https://console.redhat.com/api/automation-hub/v3/artifacts/collections/published/redhat-openshift-2.1.0.tar.gz to /home/runner/.ansible/tmp/ansible-local-1jz7c9646/tmpcobx2br6/redhat-openshift-2.1.0-sn3qrv6a
Installing 'redhat.openshift:2.1.0' to '/usr/share/ansible/collections/ansible_collections/redhat/openshift'
redhat.openshift:2.1.0 was installed successfully
Downloading https://console.redhat.com/api/automation-hub/v3/artifacts/collections/published/kubernetes-core-2.2.3.tar.gz to /home/runner/.ansible/tmp/ansible-local-1jz7c9646/tmpcobx2br6/kubernetes-core-2.2.3-k1h4uzys
Installing 'kubernetes.core:2.2.3' to '/usr/share/ansible/collections/ansible_collections/kubernetes/core'
kubernetes.core:2.2.3 was installed successfully
--> 7f070f37ab7
[2/3] STEP 1/5: FROM quay.io/ansible/ansible-builder:latest AS builder
[2/3] STEP 2/5: COPY --from=galaxy /usr/share/ansible /usr/share/ansible
--> 314c55c6cee
[2/3] STEP 3/5: ADD _build/requirements.txt requirements.txt
--> b24a4d8c8f3
[2/3] STEP 4/5: RUN ansible-builder introspect --sanitize --user-pip=requirements.txt --write-bindep=/tmp/src/bindep.txt --write-pip=/tmp/src/requirements.txt
# Sanitized dependencies for /usr/share/ansible/collections
---
python:
- 'kubernetes>=12.0.0,>=12.0.0  # from collection kubernetes.core,redhat.openshift'
- 'requests-oauthlib  # from collection kubernetes.core,redhat.openshift,user'
- 'jsonpatch  # from collection kubernetes.core'
- 'openshift  # from collection user'
system:
- 'kubernetes-client [platform:fedora]  # from collection kubernetes.core'

Creating parent directory for /tmp/src/requirements.txt
--> 24efd18002e
[2/3] STEP 5/5: RUN assemble
++ source /etc/os-release
+++ NAME='CentOS Stream'
+++ VERSION=8
+++ ID=centos
+++ ID_LIKE='rhel fedora'
+++ VERSION_ID=8
+++ PLATFORM_ID=platform:el8
+++ PRETTY_NAME='CentOS Stream 8'
+++ ANSI_COLOR='0;31'
+++ CPE_NAME=cpe:/o:centos:centos:8
+++ HOME_URL=https://centos.org/
+++ BUG_REPORT_URL=https://bugzilla.redhat.com/
+++ REDHAT_SUPPORT_PRODUCT='Red Hat Enterprise Linux 8'
+++ REDHAT_SUPPORT_PRODUCT_VERSION='CentOS Stream'
++ echo centos
+ RELEASE=centos
+ PKGMGR=
+ PKGMGR_OPTS=
+ '[' -z ']'
+ PKGMGR=/usr/bin/dnf
+ '[' -f /usr/bin/microdnf ']'
+ mkdir -p /output/bindep
+ mkdir -p /output/wheels
+ mkdir -p /tmp/src
+ cd /tmp/src
+ /usr/bin/dnf update -y
CentOS Stream 8 - AppStream                      12 MB/s |  20 MB     00:01    
CentOS Stream 8 - BaseOS                         13 MB/s |  19 MB     00:01    
CentOS Stream 8 - Extras                         32 kB/s |  18 kB     00:00    
CentOS Stream 8 - PowerTools                    4.9 MB/s | 4.2 MB     00:00    
Extra Packages for Enterprise Linux Modular 8 - 232 kB/s | 1.0 MB     00:04    
Dependencies resolved.
======================================================================================
 Package                                  Arch    Version                Repo     Size
======================================================================================
Upgrading:
 audit-libs                               x86_64  3.0.7-2.el8            baseos  123 k
 cryptsetup-libs                          x86_64  2.3.7-2.el8            baseos  488 k
 cyrus-sasl-lib                           x86_64  2.1.27-6.el8_5         baseos  123 k
 expat                                    x86_64  2.2.5-5.el8            baseos  112 k
 gawk                                     x86_64  4.2.1-4.el8            baseos  1.1 M
 gpgme                                    x86_64  1.13.1-11.el8          baseos  336 k
 hwdata                                   noarch  0.314-8.12.el8         baseos  1.7 M
 libblkid                                 x86_64  2.32.1-35.el8          baseos  219 k
 libcom_err                               x86_64  1.45.6-4.el8           baseos   49 k
 libfdisk                                 x86_64  2.32.1-35.el8          baseos  252 k
 libmount                                 x86_64  2.32.1-35.el8          baseos  235 k
 libsemanage                              x86_64  2.9-8.el8              baseos  168 k
 libsmartcols                             x86_64  2.32.1-35.el8          baseos  178 k
 libuuid                                  x86_64  2.32.1-35.el8          baseos   97 k
 libxml2                                  x86_64  2.9.7-13.el8           baseos  696 k
 passwd                                   x86_64  0.80-4.el8             baseos  115 k
 python3-cloud-what                       x86_64  1.28.28-1.el8          baseos  309 k
 python3-gpg                              x86_64  1.13.1-11.el8          baseos  244 k
 python3-libxml2                          x86_64  2.9.7-13.el8           baseos  237 k
 python3-rpm                              x86_64  4.14.3-22.el8          baseos  155 k
 python3-subscription-manager-rhsm        x86_64  1.28.28-1.el8          baseos  388 k
 python3-syspurpose                       x86_64  1.28.28-1.el8          baseos  327 k
 rpm                                      x86_64  4.14.3-22.el8          baseos  543 k
 rpm-build-libs                           x86_64  4.14.3-22.el8          baseos  157 k
 rpm-libs                                 x86_64  4.14.3-22.el8          baseos  345 k
 subscription-manager-rhsm-certificates   x86_64  1.28.28-1.el8          baseos  284 k
 util-linux                               x86_64  2.32.1-35.el8          baseos  2.5 M
 vim-minimal                              x86_64  2:8.0.1763-16.el8_5.12 baseos  575 k

Transaction Summary
======================================================================================
Upgrade  28 Packages

Total download size: 12 M
Downloading Packages:
(1/28): cyrus-sasl-lib-2.1.27-6.el8_5.x86_64.rp 818 kB/s | 123 kB     00:00    
(2/28): audit-libs-3.0.7-2.el8.x86_64.rpm       798 kB/s | 123 kB     00:00    
(3/28): expat-2.2.5-5.el8.x86_64.rpm            1.7 MB/s | 112 kB     00:00    
(4/28): cryptsetup-libs-2.3.7-2.el8.x86_64.rpm  2.1 MB/s | 488 kB     00:00    
(5/28): gawk-4.2.1-4.el8.x86_64.rpm             8.7 MB/s | 1.1 MB     00:00    
(6/28): libblkid-2.32.1-35.el8.x86_64.rpm       5.0 MB/s | 219 kB     00:00    
(7/28): gpgme-1.13.1-11.el8.x86_64.rpm          2.8 MB/s | 336 kB     00:00    
(8/28): libcom_err-1.45.6-4.el8.x86_64.rpm      1.2 MB/s |  49 kB     00:00    
(9/28): libfdisk-2.32.1-35.el8.x86_64.rpm       4.0 MB/s | 252 kB     00:00    
(10/28): hwdata-0.314-8.12.el8.noarch.rpm       9.4 MB/s | 1.7 MB     00:00    
(11/28): libsmartcols-2.32.1-35.el8.x86_64.rpm  5.6 MB/s | 178 kB     00:00    
(12/28): libmount-2.32.1-35.el8.x86_64.rpm      3.2 MB/s | 235 kB     00:00    
(13/28): libsemanage-2.9-8.el8.x86_64.rpm       3.0 MB/s | 168 kB     00:00    
(14/28): passwd-0.80-4.el8.x86_64.rpm           3.2 MB/s | 115 kB     00:00    
(15/28): libuuid-2.32.1-35.el8.x86_64.rpm       1.9 MB/s |  97 kB     00:00    
(16/28): python3-gpg-1.13.1-11.el8.x86_64.rpm   5.0 MB/s | 244 kB     00:00    
(17/28): python3-cloud-what-1.28.28-1.el8.x86_6 5.7 MB/s | 309 kB     00:00    
(18/28): libxml2-2.9.7-13.el8.x86_64.rpm        5.6 MB/s | 696 kB     00:00    
(19/28): python3-libxml2-2.9.7-13.el8.x86_64.rp 6.8 MB/s | 237 kB     00:00    
(20/28): python3-rpm-4.14.3-22.el8.x86_64.rpm   4.1 MB/s | 155 kB     00:00    
(21/28): rpm-4.14.3-22.el8.x86_64.rpm           7.5 MB/s | 543 kB     00:00    
(22/28): python3-syspurpose-1.28.28-1.el8.x86_6 4.0 MB/s | 327 kB     00:00    
(23/28): python3-subscription-manager-rhsm-1.28 4.1 MB/s | 388 kB     00:00    
(24/28): rpm-build-libs-4.14.3-22.el8.x86_64.rp 4.6 MB/s | 157 kB     00:00    
(25/28): rpm-libs-4.14.3-22.el8.x86_64.rpm      5.9 MB/s | 345 kB     00:00    
(26/28): subscription-manager-rhsm-certificates 4.0 MB/s | 284 kB     00:00    
(27/28): vim-minimal-8.0.1763-16.el8_5.12.x86_6 6.5 MB/s | 575 kB     00:00    
(28/28): util-linux-2.32.1-35.el8.x86_64.rpm     14 MB/s | 2.5 MB     00:00    
--------------------------------------------------------------------------------
Total                                           8.8 MB/s |  12 MB     00:01     
Running transaction check
Transaction check succeeded.
Running transaction test
Transaction test succeeded.
Running transaction
  Preparing        :                                                        1/1 
  Running scriptlet: audit-libs-3.0.7-2.el8.x86_64                          1/1 
  Upgrading        : audit-libs-3.0.7-2.el8.x86_64                         1/56 
  Upgrading        : libuuid-2.32.1-35.el8.x86_64                          2/56 
  Running scriptlet: libuuid-2.32.1-35.el8.x86_64                          2/56 
  Upgrading        : libblkid-2.32.1-35.el8.x86_64                         3/56 
  Running scriptlet: libblkid-2.32.1-35.el8.x86_64                         3/56 
  Upgrading        : libfdisk-2.32.1-35.el8.x86_64                         4/56 
  Running scriptlet: libfdisk-2.32.1-35.el8.x86_64                         4/56 
  Upgrading        : libmount-2.32.1-35.el8.x86_64                         5/56 
  Running scriptlet: libmount-2.32.1-35.el8.x86_64                         5/56 
  Upgrading        : rpm-4.14.3-22.el8.x86_64                              6/56 
  Upgrading        : rpm-libs-4.14.3-22.el8.x86_64                         7/56 
  Running scriptlet: rpm-libs-4.14.3-22.el8.x86_64                         7/56 
  Upgrading        : rpm-build-libs-4.14.3-22.el8.x86_64                   8/56 
  Running scriptlet: rpm-build-libs-4.14.3-22.el8.x86_64                   8/56 
  Upgrading        : python3-rpm-4.14.3-22.el8.x86_64                      9/56 
  Upgrading        : subscription-manager-rhsm-certificates-1.28.28-1.e   10/56 
  Upgrading        : python3-cloud-what-1.28.28-1.el8.x86_64              11/56 
  Upgrading        : libxml2-2.9.7-13.el8.x86_64                          12/56 
  Upgrading        : libsmartcols-2.32.1-35.el8.x86_64                    13/56 
  Running scriptlet: libsmartcols-2.32.1-35.el8.x86_64                    13/56 
  Upgrading        : libcom_err-1.45.6-4.el8.x86_64                       14/56 
  Running scriptlet: libcom_err-1.45.6-4.el8.x86_64                       14/56 
  Upgrading        : gpgme-1.13.1-11.el8.x86_64                           15/56 
  Upgrading        : python3-gpg-1.13.1-11.el8.x86_64                     16/56 
  Upgrading        : cyrus-sasl-lib-2.1.27-6.el8_5.x86_64                 17/56 
  Running scriptlet: cyrus-sasl-lib-2.1.27-6.el8_5.x86_64                 17/56 
  Upgrading        : util-linux-2.32.1-35.el8.x86_64                      18/56 
  Running scriptlet: util-linux-2.32.1-35.el8.x86_64                      18/56 
  Upgrading        : python3-libxml2-2.9.7-13.el8.x86_64                  19/56 
  Upgrading        : python3-subscription-manager-rhsm-1.28.28-1.el8.x8   20/56 
  Upgrading        : cryptsetup-libs-2.3.7-2.el8.x86_64                   21/56 
  Running scriptlet: cryptsetup-libs-2.3.7-2.el8.x86_64                   21/56 
  Upgrading        : libsemanage-2.9-8.el8.x86_64                         22/56 
  Upgrading        : passwd-0.80-4.el8.x86_64                             23/56 
  Upgrading        : vim-minimal-2:8.0.1763-16.el8_5.12.x86_64            24/56 
  Upgrading        : python3-syspurpose-1.28.28-1.el8.x86_64              25/56 
  Upgrading        : hwdata-0.314-8.12.el8.noarch                         26/56 
  Upgrading        : gawk-4.2.1-4.el8.x86_64                              27/56 
  Upgrading        : expat-2.2.5-5.el8.x86_64                             28/56 
  Cleanup          : util-linux-2.32.1-32.el8.x86_64                      29/56 
  Cleanup          : python3-libxml2-2.9.7-11.el8.x86_64                  30/56 
  Cleanup          : libfdisk-2.32.1-32.el8.x86_64                        31/56 
  Running scriptlet: libfdisk-2.32.1-32.el8.x86_64                        31/56 
  Cleanup          : libmount-2.32.1-32.el8.x86_64                        32/56 
  Running scriptlet: libmount-2.32.1-32.el8.x86_64                        32/56 
  Cleanup          : cryptsetup-libs-2.3.7-1.el8.x86_64                   33/56 
  Running scriptlet: cryptsetup-libs-2.3.7-1.el8.x86_64                   33/56 
  Cleanup          : python3-gpg-1.13.1-9.el8.x86_64                      34/56 
  Cleanup          : libblkid-2.32.1-32.el8.x86_64                        35/56 
  Running scriptlet: libblkid-2.32.1-32.el8.x86_64                        35/56 
  Cleanup          : python3-subscription-manager-rhsm-1.28.25-1.el8.x8   36/56 
  Cleanup          : python3-rpm-4.14.3-21.el8.x86_64                     37/56 
  Cleanup          : rpm-build-libs-4.14.3-21.el8.x86_64                  38/56 
  Running scriptlet: rpm-build-libs-4.14.3-21.el8.x86_64                  38/56 
  Cleanup          : rpm-4.14.3-21.el8.x86_64                             39/56 
  Cleanup          : rpm-libs-4.14.3-21.el8.x86_64                        40/56 
  Running scriptlet: rpm-libs-4.14.3-21.el8.x86_64                        40/56 
  Cleanup          : passwd-0.80-3.el8.x86_64                             41/56 
  Cleanup          : libsemanage-2.9-6.el8.x86_64                         42/56 
  Cleanup          : cyrus-sasl-lib-2.1.27-5.el8.x86_64                   43/56 
  Running scriptlet: cyrus-sasl-lib-2.1.27-5.el8.x86_64                   43/56 
  Cleanup          : python3-cloud-what-1.28.25-1.el8.x86_64              44/56 
  Cleanup          : subscription-manager-rhsm-certificates-1.28.25-1.e   45/56 
  Cleanup          : python3-syspurpose-1.28.25-1.el8.x86_64              46/56 
  Cleanup          : hwdata-0.314-8.11.el8.noarch                         47/56 
  Cleanup          : libcom_err-1.45.6-3.el8.x86_64                       48/56 
  Running scriptlet: libcom_err-1.45.6-3.el8.x86_64                       48/56 
  Cleanup          : audit-libs-3.0.7-1.el8.x86_64                        49/56 
  Cleanup          : libuuid-2.32.1-32.el8.x86_64                         50/56 
  Running scriptlet: libuuid-2.32.1-32.el8.x86_64                         50/56 
  Cleanup          : gpgme-1.13.1-9.el8.x86_64                            51/56 
  Cleanup          : libxml2-2.9.7-11.el8.x86_64                          52/56 
  Cleanup          : libsmartcols-2.32.1-32.el8.x86_64                    53/56 
  Running scriptlet: libsmartcols-2.32.1-32.el8.x86_64                    53/56 
  Cleanup          : vim-minimal-2:8.0.1763-16.el8_5.7.x86_64             54/56 
  Cleanup          : gawk-4.2.1-2.el8.x86_64                              55/56 
  Cleanup          : expat-2.2.5-4.el8.x86_64                             56/56 
  Running scriptlet: expat-2.2.5-4.el8.x86_64                             56/56 
  Verifying        : audit-libs-3.0.7-2.el8.x86_64                         1/56 
  Verifying        : audit-libs-3.0.7-1.el8.x86_64                         2/56 
  Verifying        : cryptsetup-libs-2.3.7-2.el8.x86_64                    3/56 
  Verifying        : cryptsetup-libs-2.3.7-1.el8.x86_64                    4/56 
  Verifying        : cyrus-sasl-lib-2.1.27-6.el8_5.x86_64                  5/56 
  Verifying        : cyrus-sasl-lib-2.1.27-5.el8.x86_64                    6/56 
  Verifying        : expat-2.2.5-5.el8.x86_64                              7/56 
  Verifying        : expat-2.2.5-4.el8.x86_64                              8/56 
  Verifying        : gawk-4.2.1-4.el8.x86_64                               9/56 
  Verifying        : gawk-4.2.1-2.el8.x86_64                              10/56 
  Verifying        : gpgme-1.13.1-11.el8.x86_64                           11/56 
  Verifying        : gpgme-1.13.1-9.el8.x86_64                            12/56 
  Verifying        : hwdata-0.314-8.12.el8.noarch                         13/56 
  Verifying        : hwdata-0.314-8.11.el8.noarch                         14/56 
  Verifying        : libblkid-2.32.1-35.el8.x86_64                        15/56 
  Verifying        : libblkid-2.32.1-32.el8.x86_64                        16/56 
  Verifying        : libcom_err-1.45.6-4.el8.x86_64                       17/56 
  Verifying        : libcom_err-1.45.6-3.el8.x86_64                       18/56 
  Verifying        : libfdisk-2.32.1-35.el8.x86_64                        19/56 
  Verifying        : libfdisk-2.32.1-32.el8.x86_64                        20/56 
  Verifying        : libmount-2.32.1-35.el8.x86_64                        21/56 
  Verifying        : libmount-2.32.1-32.el8.x86_64                        22/56 
  Verifying        : libsemanage-2.9-8.el8.x86_64                         23/56 
  Verifying        : libsemanage-2.9-6.el8.x86_64                         24/56 
  Verifying        : libsmartcols-2.32.1-35.el8.x86_64                    25/56 
  Verifying        : libsmartcols-2.32.1-32.el8.x86_64                    26/56 
  Verifying        : libuuid-2.32.1-35.el8.x86_64                         27/56 
  Verifying        : libuuid-2.32.1-32.el8.x86_64                         28/56 
  Verifying        : libxml2-2.9.7-13.el8.x86_64                          29/56 
  Verifying        : libxml2-2.9.7-11.el8.x86_64                          30/56 
  Verifying        : passwd-0.80-4.el8.x86_64                             31/56 
  Verifying        : passwd-0.80-3.el8.x86_64                             32/56 
  Verifying        : python3-cloud-what-1.28.28-1.el8.x86_64              33/56 
  Verifying        : python3-cloud-what-1.28.25-1.el8.x86_64              34/56 
  Verifying        : python3-gpg-1.13.1-11.el8.x86_64                     35/56 
  Verifying        : python3-gpg-1.13.1-9.el8.x86_64                      36/56 
  Verifying        : python3-libxml2-2.9.7-13.el8.x86_64                  37/56 
  Verifying        : python3-libxml2-2.9.7-11.el8.x86_64                  38/56 
  Verifying        : python3-rpm-4.14.3-22.el8.x86_64                     39/56 
  Verifying        : python3-rpm-4.14.3-21.el8.x86_64                     40/56 
  Verifying        : python3-subscription-manager-rhsm-1.28.28-1.el8.x8   41/56 
  Verifying        : python3-subscription-manager-rhsm-1.28.25-1.el8.x8   42/56 
  Verifying        : python3-syspurpose-1.28.28-1.el8.x86_64              43/56 
  Verifying        : python3-syspurpose-1.28.25-1.el8.x86_64              44/56 
  Verifying        : rpm-4.14.3-22.el8.x86_64                             45/56 
  Verifying        : rpm-4.14.3-21.el8.x86_64                             46/56 
  Verifying        : rpm-build-libs-4.14.3-22.el8.x86_64                  47/56 
  Verifying        : rpm-build-libs-4.14.3-21.el8.x86_64                  48/56 
  Verifying        : rpm-libs-4.14.3-22.el8.x86_64                        49/56 
  Verifying        : rpm-libs-4.14.3-21.el8.x86_64                        50/56 
  Verifying        : subscription-manager-rhsm-certificates-1.28.28-1.e   51/56 
  Verifying        : subscription-manager-rhsm-certificates-1.28.25-1.e   52/56 
  Verifying        : util-linux-2.32.1-35.el8.x86_64                      53/56 
  Verifying        : util-linux-2.32.1-32.el8.x86_64                      54/56 
  Verifying        : vim-minimal-2:8.0.1763-16.el8_5.12.x86_64            55/56 
  Verifying        : vim-minimal-2:8.0.1763-16.el8_5.7.x86_64             56/56 

Upgraded:
  audit-libs-3.0.7-2.el8.x86_64                                                 
  cryptsetup-libs-2.3.7-2.el8.x86_64                                            
  cyrus-sasl-lib-2.1.27-6.el8_5.x86_64                                          
  expat-2.2.5-5.el8.x86_64                                                      
  gawk-4.2.1-4.el8.x86_64                                                       
  gpgme-1.13.1-11.el8.x86_64                                                    
  hwdata-0.314-8.12.el8.noarch                                                  
  libblkid-2.32.1-35.el8.x86_64                                                 
  libcom_err-1.45.6-4.el8.x86_64                                                
  libfdisk-2.32.1-35.el8.x86_64                                                 
  libmount-2.32.1-35.el8.x86_64                                                 
  libsemanage-2.9-8.el8.x86_64                                                  
  libsmartcols-2.32.1-35.el8.x86_64                                             
  libuuid-2.32.1-35.el8.x86_64                                                  
  libxml2-2.9.7-13.el8.x86_64                                                   
  passwd-0.80-4.el8.x86_64                                                      
  python3-cloud-what-1.28.28-1.el8.x86_64                                       
  python3-gpg-1.13.1-11.el8.x86_64                                              
  python3-libxml2-2.9.7-13.el8.x86_64                                           
  python3-rpm-4.14.3-22.el8.x86_64                                              
  python3-subscription-manager-rhsm-1.28.28-1.el8.x86_64                        
  python3-syspurpose-1.28.28-1.el8.x86_64                                       
  rpm-4.14.3-22.el8.x86_64                                                      
  rpm-build-libs-4.14.3-22.el8.x86_64                                           
  rpm-libs-4.14.3-22.el8.x86_64                                                 
  subscription-manager-rhsm-certificates-1.28.28-1.el8.x86_64                   
  util-linux-2.32.1-35.el8.x86_64                                               
  vim-minimal-2:8.0.1763-16.el8_5.12.x86_64                                     

Complete!
+ PACKAGES=
+ PIP_OPTS=
+ install_bindep
+ '[' -f bindep.txt ']'
+ bindep -l newline
+ sort
+ '[' centos == centos ']'
+ bindep -l newline -b epel
+ sort
+ grep -Fxvf /output/bindep/run.txt /output/bindep/stage.txt
+ true
+ rm -rf /output/bindep/stage.txt
++ bindep -b compile
+ compile_packages=
+ '[' '!' -z '' ']'
+ python3 -m venv /tmp/venv --system-site-packages --without-pip
+ source /tmp/venv/bin/activate
++ deactivate nondestructive
++ '[' -n '' ']'
++ '[' -n '' ']'
++ '[' -n /bin/bash -o -n '' ']'
++ hash -r
++ '[' -n '' ']'
++ unset VIRTUAL_ENV
++ '[' '!' nondestructive = nondestructive ']'
++ VIRTUAL_ENV=/tmp/venv
++ export VIRTUAL_ENV
++ _OLD_VIRTUAL_PATH=/usr/local/sbin:/usr/local/bin:/usr/sbin:/usr/bin:/sbin:/bin
++ PATH=/tmp/venv/bin:/usr/local/sbin:/usr/local/bin:/usr/sbin:/usr/bin:/sbin:/bin
++ export PATH
++ '[' -n '' ']'
++ '[' -z '' ']'
++ _OLD_VIRTUAL_PS1=
++ '[' 'x(venv) ' '!=' x ']'
++ PS1='(venv) '
++ export PS1
++ '[' -n /bin/bash -o -n '' ']'
++ hash -r
+ '[' -f /tmp/src/upper-constraints.txt ']'
+ [[ -n '' ]]
+ install_wheels
+ '[' -f /tmp/src/build-requirements.txt ']'
+ '[' -f setup.py ']'
+ '[' -f /tmp/src/requirements.txt ']'
+ '[' '!' -f /output/requirements.txt ']'
+ pip3 install --cache-dir=/output/wheels -r /tmp/src/requirements.txt
Collecting kubernetes>=12.0.0
  Downloading kubernetes-23.3.0-py2.py3-none-any.whl (1.5 MB)
     ━━━━━━━━━━━━━━━━━━━━━━━━━━━━━━━━━━━━━━━━ 1.5/1.5 MB 20.7 MB/s eta 0:00:00
Collecting requests-oauthlib
  Downloading requests_oauthlib-1.3.1-py2.py3-none-any.whl (23 kB)
Collecting jsonpatch
  Downloading jsonpatch-1.32-py2.py3-none-any.whl (12 kB)
Collecting openshift
  Downloading openshift-0.13.1.tar.gz (19 kB)
  Preparing metadata (setup.py): started
  Preparing metadata (setup.py): finished with status 'done'
Collecting certifi>=14.05.14
  Downloading certifi-2021.10.8-py2.py3-none-any.whl (149 kB)
     ━━━━━━━━━━━━━━━━━━━━━━━━━━━━━━━━━━━━━━ 149.2/149.2 KB 19.8 MB/s eta 0:00:00
Collecting websocket-client!=0.40.0,!=0.41.*,!=0.42.*,>=0.32.0
  Downloading websocket_client-1.3.1-py3-none-any.whl (54 kB)
     ━━━━━━━━━━━━━━━━━━━━━━━━━━━━━━━━━━━━━━━━ 54.2/54.2 KB 14.8 MB/s eta 0:00:00
Collecting python-dateutil>=2.5.3
  Downloading python_dateutil-2.8.2-py2.py3-none-any.whl (247 kB)
     ━━━━━━━━━━━━━━━━━━━━━━━━━━━━━━━━━━━━━━ 247.7/247.7 KB 42.2 MB/s eta 0:00:00
Collecting six>=1.9.0
  Downloading six-1.16.0-py2.py3-none-any.whl (11 kB)
Collecting requests
  Downloading requests-2.27.1-py2.py3-none-any.whl (63 kB)
     ━━━━━━━━━━━━━━━━━━━━━━━━━━━━━━━━━━━━━━━━ 63.1/63.1 KB 14.0 MB/s eta 0:00:00
Requirement already satisfied: setuptools>=21.0.0 in /usr/lib/python3.8/site-packages (from kubernetes>=12.0.0->-r /tmp/src/requirements.txt (line 1)) (41.6.0)
Requirement already satisfied: pyyaml>=5.4.1 in /usr/local/lib64/python3.8/site-packages (from kubernetes>=12.0.0->-r /tmp/src/requirements.txt (line 1)) (6.0)
Collecting urllib3>=1.24.2
  Downloading urllib3-1.26.9-py2.py3-none-any.whl (138 kB)
     ━━━━━━━━━━━━━━━━━━━━━━━━━━━━━━━━━━━━━━ 139.0/139.0 KB 17.5 MB/s eta 0:00:00
Collecting google-auth>=1.0.1
  Downloading google_auth-2.6.2-py2.py3-none-any.whl (156 kB)
     ━━━━━━━━━━━━━━━━━━━━━━━━━━━━━━━━━━━━━━ 156.5/156.5 KB 23.9 MB/s eta 0:00:00
Collecting oauthlib>=3.0.0
  Downloading oauthlib-3.2.0-py3-none-any.whl (151 kB)
     ━━━━━━━━━━━━━━━━━━━━━━━━━━━━━━━━━━━━━━ 151.5/151.5 KB 17.8 MB/s eta 0:00:00
Collecting jsonpointer>=1.9
  Downloading jsonpointer-2.2-py2.py3-none-any.whl (7.5 kB)
Collecting python-string-utils
  Downloading python_string_utils-1.0.0-py3-none-any.whl (26 kB)
Collecting pyasn1-modules>=0.2.1
  Downloading pyasn1_modules-0.2.8-py2.py3-none-any.whl (155 kB)
     ━━━━━━━━━━━━━━━━━━━━━━━━━━━━━━━━━━━━━━━ 155.3/155.3 KB 8.3 MB/s eta 0:00:00
Collecting cachetools<6.0,>=2.0.0
  Downloading cachetools-5.0.0-py3-none-any.whl (9.1 kB)
Collecting rsa<5,>=3.1.4
  Downloading rsa-4.8-py3-none-any.whl (39 kB)
Collecting charset-normalizer~=2.0.0
  Downloading charset_normalizer-2.0.12-py3-none-any.whl (39 kB)
Collecting idna<4,>=2.5
  Downloading idna-3.3-py3-none-any.whl (61 kB)
     ━━━━━━━━━━━━━━━━━━━━━━━━━━━━━━━━━━━━━━━━ 61.2/61.2 KB 6.9 MB/s eta 0:00:00
Collecting pyasn1<0.5.0,>=0.4.6
  Downloading pyasn1-0.4.8-py2.py3-none-any.whl (77 kB)
     ━━━━━━━━━━━━━━━━━━━━━━━━━━━━━━━━━━━━━━━━ 77.1/77.1 KB 32.0 MB/s eta 0:00:00
Building wheels for collected packages: openshift
  Building wheel for openshift (setup.py): started
  Building wheel for openshift (setup.py): finished with status 'done'
  Created wheel for openshift: filename=openshift-0.13.1-py3-none-any.whl size=18173 sha256=fea196fc4e53e87f4609e0c2c7bc58e9dab572fc976aba451cf728f0bc634b42
  Stored in directory: /output/wheels/wheels/b9/f8/f2/384c537719ab91581b74e85207a1ac1e9f56cac4e04c5ccec3
Successfully built openshift
Installing collected packages: pyasn1, certifi, websocket-client, urllib3, six, rsa, python-string-utils, pyasn1-modules, oauthlib, jsonpointer, idna, charset-normalizer, cachetools, requests, python-dateutil, jsonpatch, google-auth, requests-oauthlib, kubernetes, openshift
Successfully installed cachetools-5.0.0 certifi-2021.10.8 charset-normalizer-2.0.12 google-auth-2.6.2 idna-3.3 jsonpatch-1.32 jsonpointer-2.2 kubernetes-23.3.0 oauthlib-3.2.0 openshift-0.13.1 pyasn1-0.4.8 pyasn1-modules-0.2.8 python-dateutil-2.8.2 python-string-utils-1.0.0 requests-2.27.1 requests-oauthlib-1.3.1 rsa-4.8 six-1.16.0 urllib3-1.26.9 websocket-client-1.3.1
WARNING: Running pip as the 'root' user can result in broken permissions and conflicting behaviour with the system package manager. It is recommended to use a virtual environment instead: https://pip.pypa.io/warnings/venv
WARNING: You are using pip version 22.0.3; however, version 22.0.4 is available.
You should consider upgrading via the '/usr/bin/python3 -m pip install --upgrade pip' command.
+ cp /tmp/src/requirements.txt /output/requirements.txt
++ wc -l
++ ls -1 '/output/wheels/*whl'
+ '[' 0 -gt 0 ']'
++ get-extras-packages
+ /usr/bin/dnf clean all
38 files removed
+ rm -rf /var/cache/dnf /var/cache/yum
+ rm -rf /var/lib/dnf/history.sqlite /var/lib/dnf/history.sqlite-shm /var/lib/dnf/history.sqlite-wal
+ rm -rf /var/log/dnf.librepo.log /var/log/dnf.log /var/log/dnf.rpm.log /var/log/hawkey.log
+ rm -rf /tmp/venv
--> aae90d37544
[3/3] STEP 1/5: FROM quay.io/ansible/ansible-runner:latest
[3/3] STEP 2/5: USER root
--> 08459daaad1
[3/3] STEP 3/5: COPY --from=galaxy /usr/share/ansible /usr/share/ansible
--> 243c0f2aa04
[3/3] STEP 4/5: COPY --from=builder /output/ /output/
--> 7e67967d8c9
[3/3] STEP 5/5: RUN /output/install-from-bindep && rm -rf /output/wheels
+ PKGMGR=
+ PKGMGR_OPTS=
+ '[' -z ']'
+ PKGMGR=/usr/bin/dnf
+ '[' -f /usr/bin/microdnf ']'
+ /usr/bin/dnf update -y
CentOS Stream 8 - AppStream                      12 MB/s |  20 MB     00:01    
CentOS Stream 8 - BaseOS                         13 MB/s |  19 MB     00:01    
CentOS Stream 8 - Extras                         36 kB/s |  18 kB     00:00    
CentOS Stream 8 - PowerTools                    4.8 MB/s | 4.2 MB     00:00    
Extra Packages for Enterprise Linux Modular 8 - 290 kB/s | 1.0 MB     00:03    
Last metadata expiration check: 0:00:01 ago on Tue Mar 22 18:54:28 2022.
Dependencies resolved.
Nothing to do.
Complete!
+ '[' -f /output/bindep/run.txt ']'
++ cat /output/bindep/run.txt
+ PACKAGES=
+ '[' '!' -z '' ']'
+ '[' -f /output/bindep/epel.txt ']'
++ cat /output/bindep/epel.txt
+ EPEL_PACKAGES=
+ '[' '!' -z '' ']'
+ '[' -f /output/upper-constraints.txt ']'
+ '[' -f /output/requirements.txt ']'
+ pip3 install --cache-dir=/output/wheels -r /output/requirements.txt
Collecting kubernetes>=12.0.0
  Using cached kubernetes-23.3.0-py2.py3-none-any.whl (1.5 MB)
Collecting requests-oauthlib
  Using cached requests_oauthlib-1.3.1-py2.py3-none-any.whl (23 kB)
Collecting jsonpatch
  Using cached jsonpatch-1.32-py2.py3-none-any.whl (12 kB)
Collecting openshift
  Using cached openshift-0.13.1-py3-none-any.whl
Collecting python-dateutil>=2.5.3
  Using cached python_dateutil-2.8.2-py2.py3-none-any.whl (247 kB)
Collecting websocket-client!=0.40.0,!=0.41.*,!=0.42.*,>=0.32.0
  Using cached websocket_client-1.3.1-py3-none-any.whl (54 kB)
Requirement already satisfied: urllib3>=1.24.2 in /usr/lib/python3.8/site-packages (from kubernetes>=12.0.0->-r /output/requirements.txt (line 1)) (1.25.7)
Requirement already satisfied: six>=1.9.0 in /usr/lib/python3.8/site-packages (from kubernetes>=12.0.0->-r /output/requirements.txt (line 1)) (1.12.0)
Collecting certifi>=14.05.14
  Using cached certifi-2021.10.8-py2.py3-none-any.whl (149 kB)
Requirement already satisfied: requests in /usr/lib/python3.8/site-packages (from kubernetes>=12.0.0->-r /output/requirements.txt (line 1)) (2.22.0)
Collecting google-auth>=1.0.1
  Using cached google_auth-2.6.2-py2.py3-none-any.whl (156 kB)
Requirement already satisfied: setuptools>=21.0.0 in /usr/lib/python3.8/site-packages (from kubernetes>=12.0.0->-r /output/requirements.txt (line 1)) (41.6.0)
Requirement already satisfied: pyyaml>=5.4.1 in /usr/lib64/python3.8/site-packages (from kubernetes>=12.0.0->-r /output/requirements.txt (line 1)) (5.4.1)
Collecting oauthlib>=3.0.0
  Using cached oauthlib-3.2.0-py3-none-any.whl (151 kB)
Collecting jsonpointer>=1.9
  Using cached jsonpointer-2.2-py2.py3-none-any.whl (7.5 kB)
Collecting python-string-utils
  Using cached python_string_utils-1.0.0-py3-none-any.whl (26 kB)
Collecting pyasn1-modules>=0.2.1
  Using cached pyasn1_modules-0.2.8-py2.py3-none-any.whl (155 kB)
Collecting rsa<5,>=3.1.4
  Using cached rsa-4.8-py3-none-any.whl (39 kB)
Collecting cachetools<6.0,>=2.0.0
  Using cached cachetools-5.0.0-py3-none-any.whl (9.1 kB)
Requirement already satisfied: chardet<3.1.0,>=3.0.2 in /usr/lib/python3.8/site-packages (from requests->kubernetes>=12.0.0->-r /output/requirements.txt (line 1)) (3.0.4)
Requirement already satisfied: idna<2.9,>=2.5 in /usr/lib/python3.8/site-packages (from requests->kubernetes>=12.0.0->-r /output/requirements.txt (line 1)) (2.8)
Collecting pyasn1<0.5.0,>=0.4.6
  Using cached pyasn1-0.4.8-py2.py3-none-any.whl (77 kB)
Installing collected packages: pyasn1, certifi, websocket-client, rsa, python-string-utils, python-dateutil, pyasn1-modules, oauthlib, jsonpointer, cachetools, requests-oauthlib, jsonpatch, google-auth, kubernetes, openshift
Successfully installed cachetools-5.0.0 certifi-2021.10.8 google-auth-2.6.2 jsonpatch-1.32 jsonpointer-2.2 kubernetes-23.3.0 oauthlib-3.2.0 openshift-0.13.1 pyasn1-0.4.8 pyasn1-modules-0.2.8 python-dateutil-2.8.2 python-string-utils-1.0.0 requests-oauthlib-1.3.1 rsa-4.8 websocket-client-1.3.1
WARNING: Running pip as the 'root' user can result in broken permissions and conflicting behaviour with the system package manager. It is recommended to use a virtual environment instead: https://pip.pypa.io/warnings/venv
+ EXTRAS=
+ '[' -f /output/packages.txt ']'
++ wc -l
++ ls -1 '/output/wheels/*whl'
+ '[' 0 -gt 0 ']'
+ '[' '!' -z '' ']'
+ /usr/bin/dnf clean all
38 files removed
+ rm -rf /var/cache/dnf /var/cache/yum
+ rm -rf /var/lib/dnf/history.sqlite /var/lib/dnf/history.sqlite-shm /var/lib/dnf/history.sqlite-wal
+ rm -rf /var/log/dnf.librepo.log /var/log/dnf.log /var/log/dnf.rpm.log /var/log/hawkey.log
[3/3] COMMIT ee-ocp:1.0.1
--> 3ac158ca673
Successfully tagged localhost/ee-ocp:1.0.1
3ac158ca673e6e617a34d5de7d1a4fda509bbd3743be2ffb673ced8bc70ad7a1

Complete! The build context can be found at: /home/gbeck/wom/task/automation/ansible/ee-ocp-build/context
gbeck@llnxgabecka:~/wom/task/automation/ansible/ee-ocp-build$ 